WARN  [2013-09-22 21:24:20,497] com.yammer.dropwizard.config.ServerFactory: 
!!!!!!!!!!!!!!!!!!!!!!!!!!!!!!!!!!!!!!!!!!!!!!!!!!!!!!!!!!!!!!!!!!!!!!!!!!!!!!!!
!!!!!!!!!!!!!!!!!!!!!!!!!!!!!!!!!!!!!!!!!!!!!!!!!!!!!!!!!!!!!!!!!!!!!!!!!!!!!!!!
!    THIS SERVICE HAS NO HEALTHCHECKS. THIS MEANS YOU WILL NEVER KNOW IF IT    !
!    DIES IN PRODUCTION, WHICH MEANS YOU WILL NEVER KNOW IF YOU'RE LETTING     !
!     YOUR USERS DOWN. YOU SHOULD ADD A HEALTHCHECK FOR EACH DEPENDENCY OF     !
!     YOUR SERVICE WHICH FULLY (BUT LIGHTLY) TESTS YOUR SERVICE'S ABILITY TO   !
!      USE THAT SERVICE. THINK OF IT AS A CONTINUOUS INTEGRATION TEST.         !
!!!!!!!!!!!!!!!!!!!!!!!!!!!!!!!!!!!!!!!!!!!!!!!!!!!!!!!!!!!!!!!!!!!!!!!!!!!!!!!!
!!!!!!!!!!!!!!!!!!!!!!!!!!!!!!!!!!!!!!!!!!!!!!!!!!!!!!!!!!!!!!!!!!!!!!!!!!!!!!!!
INFO  [2013-09-22 21:24:20,574] com.yammer.dropwizard.cli.ServerCommand: Starting library-service
INFO  [2013-09-22 21:24:20,576] org.eclipse.jetty.server.Server: jetty-8.1.10.v20130312
INFO  [2013-09-22 21:24:20,727] com.sun.jersey.server.impl.application.WebApplicationImpl: Initiating Jersey application, version 'Jersey: 1.17.1 02/28/2013 12:47 PM'
INFO  [2013-09-22 21:24:20,814] com.yammer.dropwizard.config.Environment: The following paths were found for the configured resources:

    GET     /library/v1/ (edu.sjsu.cmpe.library.api.resources.RootResource)
    DELETE  /library/v1/books/{isbn} (edu.sjsu.cmpe.library.api.resources.BookResource)
    GET     /library/v1/books/{isbn} (edu.sjsu.cmpe.library.api.resources.BookResource)
    GET     /library/v1/books/{isbn}/authors (edu.sjsu.cmpe.library.api.resources.BookResource)
    GET     /library/v1/books/{isbn}/authors/{authorId} (edu.sjsu.cmpe.library.api.resources.BookResource)
    GET     /library/v1/books/{isbn}/reviews (edu.sjsu.cmpe.library.api.resources.BookResource)
    GET     /library/v1/books/{isbn}/reviews/{reviewId} (edu.sjsu.cmpe.library.api.resources.BookResource)
    POST    /library/v1/books (edu.sjsu.cmpe.library.api.resources.BookResource)
    POST    /library/v1/books/{isbn}/reviews (edu.sjsu.cmpe.library.api.resources.BookResource)
    PUT     /library/v1/books/{isbn}/{status} (edu.sjsu.cmpe.library.api.resources.BookResource)

INFO  [2013-09-22 21:24:20,815] com.yammer.dropwizard.config.Environment: tasks = 

    POST    /tasks/gc (com.yammer.dropwizard.tasks.GarbageCollectionTask)

INFO  [2013-09-22 21:24:21,111] org.eclipse.jetty.server.AbstractConnector: Started InstrumentedBlockingChannelConnector@0.0.0.0:8080
INFO  [2013-09-22 21:24:21,113] org.eclipse.jetty.server.AbstractConnector: Started SocketConnector@0.0.0.0:8081
WARN  [2013-09-22 21:27:29,771] com.yammer.dropwizard.config.ServerFactory: 
!!!!!!!!!!!!!!!!!!!!!!!!!!!!!!!!!!!!!!!!!!!!!!!!!!!!!!!!!!!!!!!!!!!!!!!!!!!!!!!!
!!!!!!!!!!!!!!!!!!!!!!!!!!!!!!!!!!!!!!!!!!!!!!!!!!!!!!!!!!!!!!!!!!!!!!!!!!!!!!!!
!    THIS SERVICE HAS NO HEALTHCHECKS. THIS MEANS YOU WILL NEVER KNOW IF IT    !
!    DIES IN PRODUCTION, WHICH MEANS YOU WILL NEVER KNOW IF YOU'RE LETTING     !
!     YOUR USERS DOWN. YOU SHOULD ADD A HEALTHCHECK FOR EACH DEPENDENCY OF     !
!     YOUR SERVICE WHICH FULLY (BUT LIGHTLY) TESTS YOUR SERVICE'S ABILITY TO   !
!      USE THAT SERVICE. THINK OF IT AS A CONTINUOUS INTEGRATION TEST.         !
!!!!!!!!!!!!!!!!!!!!!!!!!!!!!!!!!!!!!!!!!!!!!!!!!!!!!!!!!!!!!!!!!!!!!!!!!!!!!!!!
!!!!!!!!!!!!!!!!!!!!!!!!!!!!!!!!!!!!!!!!!!!!!!!!!!!!!!!!!!!!!!!!!!!!!!!!!!!!!!!!
INFO  [2013-09-22 21:27:29,837] com.yammer.dropwizard.cli.ServerCommand: Starting library-service
INFO  [2013-09-22 21:27:29,838] org.eclipse.jetty.server.Server: jetty-8.1.10.v20130312
INFO  [2013-09-22 21:27:29,971] com.sun.jersey.server.impl.application.WebApplicationImpl: Initiating Jersey application, version 'Jersey: 1.17.1 02/28/2013 12:47 PM'
INFO  [2013-09-22 21:27:30,054] com.yammer.dropwizard.config.Environment: The following paths were found for the configured resources:

    GET     /library/v1/ (edu.sjsu.cmpe.library.api.resources.RootResource)
    DELETE  /library/v1/books/{isbn} (edu.sjsu.cmpe.library.api.resources.BookResource)
    GET     /library/v1/books/{isbn} (edu.sjsu.cmpe.library.api.resources.BookResource)
    GET     /library/v1/books/{isbn}/authors (edu.sjsu.cmpe.library.api.resources.BookResource)
    GET     /library/v1/books/{isbn}/authors/{authorId} (edu.sjsu.cmpe.library.api.resources.BookResource)
    GET     /library/v1/books/{isbn}/reviews (edu.sjsu.cmpe.library.api.resources.BookResource)
    GET     /library/v1/books/{isbn}/reviews/{reviewId} (edu.sjsu.cmpe.library.api.resources.BookResource)
    POST    /library/v1/books (edu.sjsu.cmpe.library.api.resources.BookResource)
    POST    /library/v1/books/{isbn}/reviews (edu.sjsu.cmpe.library.api.resources.BookResource)
    PUT     /library/v1/books/{isbn}/{status} (edu.sjsu.cmpe.library.api.resources.BookResource)

INFO  [2013-09-22 21:27:30,054] com.yammer.dropwizard.config.Environment: tasks = 

    POST    /tasks/gc (com.yammer.dropwizard.tasks.GarbageCollectionTask)

INFO  [2013-09-22 21:27:30,320] org.eclipse.jetty.server.AbstractConnector: Started InstrumentedBlockingChannelConnector@0.0.0.0:8080
INFO  [2013-09-22 21:27:30,322] org.eclipse.jetty.server.AbstractConnector: Started SocketConnector@0.0.0.0:8081
WARN  [2013-09-22 21:47:50,976] com.yammer.dropwizard.config.ServerFactory: 
!!!!!!!!!!!!!!!!!!!!!!!!!!!!!!!!!!!!!!!!!!!!!!!!!!!!!!!!!!!!!!!!!!!!!!!!!!!!!!!!
!!!!!!!!!!!!!!!!!!!!!!!!!!!!!!!!!!!!!!!!!!!!!!!!!!!!!!!!!!!!!!!!!!!!!!!!!!!!!!!!
!    THIS SERVICE HAS NO HEALTHCHECKS. THIS MEANS YOU WILL NEVER KNOW IF IT    !
!    DIES IN PRODUCTION, WHICH MEANS YOU WILL NEVER KNOW IF YOU'RE LETTING     !
!     YOUR USERS DOWN. YOU SHOULD ADD A HEALTHCHECK FOR EACH DEPENDENCY OF     !
!     YOUR SERVICE WHICH FULLY (BUT LIGHTLY) TESTS YOUR SERVICE'S ABILITY TO   !
!      USE THAT SERVICE. THINK OF IT AS A CONTINUOUS INTEGRATION TEST.         !
!!!!!!!!!!!!!!!!!!!!!!!!!!!!!!!!!!!!!!!!!!!!!!!!!!!!!!!!!!!!!!!!!!!!!!!!!!!!!!!!
!!!!!!!!!!!!!!!!!!!!!!!!!!!!!!!!!!!!!!!!!!!!!!!!!!!!!!!!!!!!!!!!!!!!!!!!!!!!!!!!
INFO  [2013-09-22 21:47:51,056] com.yammer.dropwizard.cli.ServerCommand: Starting library-service
INFO  [2013-09-22 21:47:51,058] org.eclipse.jetty.server.Server: jetty-8.1.10.v20130312
INFO  [2013-09-22 21:47:51,225] com.sun.jersey.server.impl.application.WebApplicationImpl: Initiating Jersey application, version 'Jersey: 1.17.1 02/28/2013 12:47 PM'
INFO  [2013-09-22 21:47:51,349] com.yammer.dropwizard.config.Environment: The following paths were found for the configured resources:

    GET     /library/v1/ (edu.sjsu.cmpe.library.api.resources.RootResource)
    DELETE  /library/v1/books/{isbn} (edu.sjsu.cmpe.library.api.resources.BookResource)
    GET     /library/v1/books/{isbn} (edu.sjsu.cmpe.library.api.resources.BookResource)
    GET     /library/v1/books/{isbn}/authors (edu.sjsu.cmpe.library.api.resources.BookResource)
    GET     /library/v1/books/{isbn}/authors/{authorId} (edu.sjsu.cmpe.library.api.resources.BookResource)
    GET     /library/v1/books/{isbn}/reviews (edu.sjsu.cmpe.library.api.resources.BookResource)
    GET     /library/v1/books/{isbn}/reviews/{reviewId} (edu.sjsu.cmpe.library.api.resources.BookResource)
    POST    /library/v1/books (edu.sjsu.cmpe.library.api.resources.BookResource)
    POST    /library/v1/books/{isbn}/reviews (edu.sjsu.cmpe.library.api.resources.BookResource)
    PUT     /library/v1/books/{isbn}/{status} (edu.sjsu.cmpe.library.api.resources.BookResource)

INFO  [2013-09-22 21:47:51,350] com.yammer.dropwizard.config.Environment: tasks = 

    POST    /tasks/gc (com.yammer.dropwizard.tasks.GarbageCollectionTask)

INFO  [2013-09-22 21:47:51,658] org.eclipse.jetty.server.AbstractConnector: Started InstrumentedBlockingChannelConnector@0.0.0.0:8080
INFO  [2013-09-22 21:47:51,659] org.eclipse.jetty.server.AbstractConnector: Started SocketConnector@0.0.0.0:8081
